Performance Statistics   2014-02-13 19:31:00 - 2014-02-13 19:32:00
Tag                                                  Avg(ms)         Min         Max     Std Dev       Count

Performance Statistics   2014-02-13 19:32:00 - 2014-02-13 19:33:00
Tag                                                  Avg(ms)         Min         Max     Std Dev       Count
AUTHENTICATE                                             4.0           4           4         0.0           1
CREATE_TICKET_GRANTING_TICKET                            6.0           6           6         0.0           1
DESTROY_TICKET_GRANTING_TICKET                           2.0           0           4         2.0           2
GRANT_SERVICE_TICKET                                     2.0           2           2         0.0           1

Performance Statistics   2014-02-13 19:33:00 - 2014-02-13 19:34:00
Tag                                                  Avg(ms)         Min         Max     Std Dev       Count

Performance Statistics   2014-02-13 19:34:00 - 2014-02-13 19:35:00
Tag                                                  Avg(ms)         Min         Max     Std Dev       Count
GRANT_SERVICE_TICKET                                     1.0           1           1         0.0           1

Performance Statistics   2014-02-13 19:35:00 - 2014-02-13 19:36:00
Tag                                                  Avg(ms)         Min         Max     Std Dev       Count

Performance Statistics   2014-02-13 19:36:00 - 2014-02-13 19:37:00
Tag                                                  Avg(ms)         Min         Max     Std Dev       Count

Performance Statistics   2014-02-13 19:37:00 - 2014-02-13 19:38:00
Tag                                                  Avg(ms)         Min         Max     Std Dev       Count

Performance Statistics   2014-02-13 19:38:00 - 2014-02-13 19:39:00
Tag                                                  Avg(ms)         Min         Max     Std Dev       Count

Performance Statistics   2014-02-13 19:39:00 - 2014-02-13 19:40:00
Tag                                                  Avg(ms)         Min         Max     Std Dev       Count

Performance Statistics   2014-02-13 19:40:00 - 2014-02-13 19:41:00
Tag                                                  Avg(ms)         Min         Max     Std Dev       Count

Performance Statistics   2014-02-13 19:41:00 - 2014-02-13 19:42:00
Tag                                                  Avg(ms)         Min         Max     Std Dev       Count

Performance Statistics   2014-02-13 19:42:00 - 2014-02-13 19:43:00
Tag                                                  Avg(ms)         Min         Max     Std Dev       Count
GRANT_SERVICE_TICKET                                     1.0           1           1         0.0           1

Performance Statistics   2014-02-13 19:43:00 - 2014-02-13 19:44:00
Tag                                                  Avg(ms)         Min         Max     Std Dev       Count
GRANT_SERVICE_TICKET                                     0.0           0           0         0.0           1
VALIDATE_SERVICE_TICKET                                 11.0          11          11         0.0           1

Performance Statistics   2014-02-13 19:44:00 - 2014-02-13 19:45:00
Tag                                                  Avg(ms)         Min         Max     Std Dev       Count

Performance Statistics   2014-02-13 19:45:00 - 2014-02-13 19:46:00
Tag                                                  Avg(ms)         Min         Max     Std Dev       Count
GRANT_SERVICE_TICKET                                     0.1           0           1         0.3          12
VALIDATE_SERVICE_TICKET                                  1.4           0          17         4.7          12

Performance Statistics   2014-02-13 19:46:00 - 2014-02-13 19:47:00
Tag                                                  Avg(ms)         Min         Max     Std Dev       Count
GRANT_SERVICE_TICKET                                     1.0           1           1         0.0           1
VALIDATE_SERVICE_TICKET                                  0.0           0           0         0.0           1

Performance Statistics   2014-02-13 19:47:00 - 2014-02-13 19:48:00
Tag                                                  Avg(ms)         Min         Max     Std Dev       Count

Performance Statistics   2014-02-13 19:48:00 - 2014-02-13 19:49:00
Tag                                                  Avg(ms)         Min         Max     Std Dev       Count

Performance Statistics   2014-02-13 19:49:00 - 2014-02-13 19:50:00
Tag                                                  Avg(ms)         Min         Max     Std Dev       Count

Performance Statistics   2014-02-13 19:50:00 - 2014-02-13 19:51:00
Tag                                                  Avg(ms)         Min         Max     Std Dev       Count

Performance Statistics   2014-02-13 19:51:00 - 2014-02-13 19:52:00
Tag                                                  Avg(ms)         Min         Max     Std Dev       Count

Performance Statistics   2014-02-13 19:52:00 - 2014-02-13 19:53:00
Tag                                                  Avg(ms)         Min         Max     Std Dev       Count

Performance Statistics   2014-02-13 19:53:00 - 2014-02-13 19:54:00
Tag                                                  Avg(ms)         Min         Max     Std Dev       Count

Performance Statistics   2014-02-13 19:54:00 - 2014-02-13 19:55:00
Tag                                                  Avg(ms)         Min         Max     Std Dev       Count

Performance Statistics   2014-02-13 19:55:00 - 2014-02-13 19:56:00
Tag                                                  Avg(ms)         Min         Max     Std Dev       Count
GRANT_SERVICE_TICKET                                     0.0           0           0         0.0           1
VALIDATE_SERVICE_TICKET                                  0.0           0           0         0.0           1

Performance Statistics   2014-02-13 19:56:00 - 2014-02-13 19:57:00
Tag                                                  Avg(ms)         Min         Max     Std Dev       Count

Performance Statistics   2014-02-13 20:12:00 - 2014-02-13 20:13:00
Tag                                                  Avg(ms)         Min         Max     Std Dev       Count
AUTHENTICATE                                             6.0           6           6         0.0           1
CREATE_TICKET_GRANTING_TICKET                            8.0           8           8         0.0           1
DESTROY_TICKET_GRANTING_TICKET                           1.5           0           3         1.5           2
GRANT_SERVICE_TICKET                                     2.0           2           2         0.0           1
VALIDATE_SERVICE_TICKET                                 10.0          10          10         0.0           1

Performance Statistics   2014-02-13 20:13:00 - 2014-02-13 20:14:00
Tag                                                  Avg(ms)         Min         Max     Std Dev       Count
GRANT_SERVICE_TICKET                                     0.0           0           0         0.0           6
VALIDATE_SERVICE_TICKET                                  0.0           0           0         0.0           6

Performance Statistics   2014-02-13 20:14:00 - 2014-02-13 20:15:00
Tag                                                  Avg(ms)         Min         Max     Std Dev       Count

Performance Statistics   2014-02-13 20:15:00 - 2014-02-13 20:16:00
Tag                                                  Avg(ms)         Min         Max     Std Dev       Count

Performance Statistics   2014-02-13 20:16:00 - 2014-02-13 20:17:00
Tag                                                  Avg(ms)         Min         Max     Std Dev       Count

Performance Statistics   2014-02-13 20:17:00 - 2014-02-13 20:18:00
Tag                                                  Avg(ms)         Min         Max     Std Dev       Count

Performance Statistics   2014-02-13 20:18:00 - 2014-02-13 20:19:00
Tag                                                  Avg(ms)         Min         Max     Std Dev       Count

Performance Statistics   2014-02-13 20:19:00 - 2014-02-13 20:20:00
Tag                                                  Avg(ms)         Min         Max     Std Dev       Count

Performance Statistics   2014-02-13 20:20:00 - 2014-02-13 20:21:00
Tag                                                  Avg(ms)         Min         Max     Std Dev       Count

Performance Statistics   2014-02-13 20:21:00 - 2014-02-13 20:22:00
Tag                                                  Avg(ms)         Min         Max     Std Dev       Count

Performance Statistics   2014-02-13 20:22:00 - 2014-02-13 20:23:00
Tag                                                  Avg(ms)         Min         Max     Std Dev       Count

Performance Statistics   2014-02-13 20:23:00 - 2014-02-13 20:24:00
Tag                                                  Avg(ms)         Min         Max     Std Dev       Count
GRANT_SERVICE_TICKET                                     1.0           1           1         0.0           1
VALIDATE_SERVICE_TICKET                                  0.0           0           0         0.0           1

Performance Statistics   2014-02-13 20:24:00 - 2014-02-13 20:25:00
Tag                                                  Avg(ms)         Min         Max     Std Dev       Count
GRANT_SERVICE_TICKET                                     0.0           0           0         0.0           1
VALIDATE_SERVICE_TICKET                                  0.0           0           0         0.0           1

Performance Statistics   2014-02-13 20:25:00 - 2014-02-13 20:26:00
Tag                                                  Avg(ms)         Min         Max     Std Dev       Count

Performance Statistics   2014-02-13 20:26:00 - 2014-02-13 20:27:00
Tag                                                  Avg(ms)         Min         Max     Std Dev       Count

Performance Statistics   2014-02-13 20:27:00 - 2014-02-13 20:28:00
Tag                                                  Avg(ms)         Min         Max     Std Dev       Count

Performance Statistics   2014-02-13 20:28:00 - 2014-02-13 20:29:00
Tag                                                  Avg(ms)         Min         Max     Std Dev       Count

Performance Statistics   2014-02-13 20:29:00 - 2014-02-13 20:30:00
Tag                                                  Avg(ms)         Min         Max     Std Dev       Count

Performance Statistics   2014-02-13 20:30:00 - 2014-02-13 20:31:00
Tag                                                  Avg(ms)         Min         Max     Std Dev       Count

Performance Statistics   2014-02-13 20:31:00 - 2014-02-13 20:32:00
Tag                                                  Avg(ms)         Min         Max     Std Dev       Count

Performance Statistics   2014-02-13 20:32:00 - 2014-02-13 20:33:00
Tag                                                  Avg(ms)         Min         Max     Std Dev       Count

Performance Statistics   2014-02-13 20:33:00 - 2014-02-13 20:34:00
Tag                                                  Avg(ms)         Min         Max     Std Dev       Count

Performance Statistics   2014-02-13 20:34:00 - 2014-02-13 20:35:00
Tag                                                  Avg(ms)         Min         Max     Std Dev       Count

Performance Statistics   2014-02-13 20:35:00 - 2014-02-13 20:36:00
Tag                                                  Avg(ms)         Min         Max     Std Dev       Count

Performance Statistics   2014-02-13 20:36:00 - 2014-02-13 20:37:00
Tag                                                  Avg(ms)         Min         Max     Std Dev       Count

Performance Statistics   2014-02-13 20:37:00 - 2014-02-13 20:38:00
Tag                                                  Avg(ms)         Min         Max     Std Dev       Count

Performance Statistics   2014-02-13 20:38:00 - 2014-02-13 20:39:00
Tag                                                  Avg(ms)         Min         Max     Std Dev       Count

Performance Statistics   2014-02-13 20:39:00 - 2014-02-13 20:40:00
Tag                                                  Avg(ms)         Min         Max     Std Dev       Count

Performance Statistics   2014-02-13 20:40:00 - 2014-02-13 20:41:00
Tag                                                  Avg(ms)         Min         Max     Std Dev       Count

Performance Statistics   2014-02-13 20:42:00 - 2014-02-13 20:43:00
Tag                                                  Avg(ms)         Min         Max     Std Dev       Count
DESTROY_TICKET_GRANTING_TICKET                           3.0           3           3         0.0           1

Performance Statistics   2014-02-13 20:43:00 - 2014-02-13 20:44:00
Tag                                                  Avg(ms)         Min         Max     Std Dev       Count

Performance Statistics   2014-02-13 20:44:00 - 2014-02-13 20:45:00
Tag                                                  Avg(ms)         Min         Max     Std Dev       Count
AUTHENTICATE                                             4.0           4           4         0.0           1
CREATE_TICKET_GRANTING_TICKET                            6.0           6           6         0.0           1
DESTROY_TICKET_GRANTING_TICKET                           0.0           0           0         0.0           1
GRANT_SERVICE_TICKET                                     1.0           1           1         0.0           1
VALIDATE_SERVICE_TICKET                                 15.0          15          15         0.0           1

Performance Statistics   2014-02-13 20:45:00 - 2014-02-13 20:46:00
Tag                                                  Avg(ms)         Min         Max     Std Dev       Count

Performance Statistics   2014-02-13 20:46:00 - 2014-02-13 20:47:00
Tag                                                  Avg(ms)         Min         Max     Std Dev       Count

Performance Statistics   2014-02-13 20:47:00 - 2014-02-13 20:48:00
Tag                                                  Avg(ms)         Min         Max     Std Dev       Count

Performance Statistics   2014-02-13 20:48:00 - 2014-02-13 20:49:00
Tag                                                  Avg(ms)         Min         Max     Std Dev       Count

Performance Statistics   2014-02-13 20:49:00 - 2014-02-13 20:50:00
Tag                                                  Avg(ms)         Min         Max     Std Dev       Count

Performance Statistics   2014-02-13 20:50:00 - 2014-02-13 20:51:00
Tag                                                  Avg(ms)         Min         Max     Std Dev       Count

Performance Statistics   2014-02-13 20:51:00 - 2014-02-13 20:52:00
Tag                                                  Avg(ms)         Min         Max     Std Dev       Count

Performance Statistics   2014-02-13 20:52:00 - 2014-02-13 20:53:00
Tag                                                  Avg(ms)         Min         Max     Std Dev       Count

Performance Statistics   2014-02-13 20:53:00 - 2014-02-13 20:54:00
Tag                                                  Avg(ms)         Min         Max     Std Dev       Count

Performance Statistics   2014-02-13 20:54:00 - 2014-02-13 20:55:00
Tag                                                  Avg(ms)         Min         Max     Std Dev       Count

Performance Statistics   2014-02-13 20:55:00 - 2014-02-13 20:56:00
Tag                                                  Avg(ms)         Min         Max     Std Dev       Count

Performance Statistics   2014-02-13 20:56:00 - 2014-02-13 20:57:00
Tag                                                  Avg(ms)         Min         Max     Std Dev       Count

Performance Statistics   2014-02-13 20:57:00 - 2014-02-13 20:58:00
Tag                                                  Avg(ms)         Min         Max     Std Dev       Count

Performance Statistics   2014-02-13 20:58:00 - 2014-02-13 20:59:00
Tag                                                  Avg(ms)         Min         Max     Std Dev       Count

Performance Statistics   2014-02-13 20:59:00 - 2014-02-13 21:00:00
Tag                                                  Avg(ms)         Min         Max     Std Dev       Count

Performance Statistics   2014-02-13 21:00:00 - 2014-02-13 21:01:00
Tag                                                  Avg(ms)         Min         Max     Std Dev       Count

Performance Statistics   2014-02-13 21:01:00 - 2014-02-13 21:02:00
Tag                                                  Avg(ms)         Min         Max     Std Dev       Count

Performance Statistics   2014-02-13 21:02:00 - 2014-02-13 21:03:00
Tag                                                  Avg(ms)         Min         Max     Std Dev       Count

Performance Statistics   2014-02-13 21:03:00 - 2014-02-13 21:04:00
Tag                                                  Avg(ms)         Min         Max     Std Dev       Count

Performance Statistics   2014-02-13 21:04:00 - 2014-02-13 21:05:00
Tag                                                  Avg(ms)         Min         Max     Std Dev       Count

Performance Statistics   2014-02-13 21:05:00 - 2014-02-13 21:06:00
Tag                                                  Avg(ms)         Min         Max     Std Dev       Count
AUTHENTICATE                                             1.0           1           1         0.0           1
CREATE_TICKET_GRANTING_TICKET                            3.0           3           3         0.0           1

Performance Statistics   2014-02-13 21:06:00 - 2014-02-13 21:07:00
Tag                                                  Avg(ms)         Min         Max     Std Dev       Count

Performance Statistics   2014-02-13 21:07:00 - 2014-02-13 21:08:00
Tag                                                  Avg(ms)         Min         Max     Std Dev       Count

Performance Statistics   2014-02-13 21:08:00 - 2014-02-13 21:09:00
Tag                                                  Avg(ms)         Min         Max     Std Dev       Count

Performance Statistics   2014-02-13 21:09:00 - 2014-02-13 21:10:00
Tag                                                  Avg(ms)         Min         Max     Std Dev       Count

Performance Statistics   2014-02-13 21:10:00 - 2014-02-13 21:11:00
Tag                                                  Avg(ms)         Min         Max     Std Dev       Count

Performance Statistics   2014-02-13 21:11:00 - 2014-02-13 21:12:00
Tag                                                  Avg(ms)         Min         Max     Std Dev       Count

Performance Statistics   2014-02-13 21:12:00 - 2014-02-13 21:13:00
Tag                                                  Avg(ms)         Min         Max     Std Dev       Count

Performance Statistics   2014-02-13 21:13:00 - 2014-02-13 21:14:00
Tag                                                  Avg(ms)         Min         Max     Std Dev       Count

Performance Statistics   2014-02-13 21:14:00 - 2014-02-13 21:15:00
Tag                                                  Avg(ms)         Min         Max     Std Dev       Count

Performance Statistics   2014-02-13 21:15:00 - 2014-02-13 21:16:00
Tag                                                  Avg(ms)         Min         Max     Std Dev       Count

Performance Statistics   2014-02-13 21:16:00 - 2014-02-13 21:17:00
Tag                                                  Avg(ms)         Min         Max     Std Dev       Count

Performance Statistics   2014-02-13 21:17:00 - 2014-02-13 21:18:00
Tag                                                  Avg(ms)         Min         Max     Std Dev       Count

Performance Statistics   2014-02-13 21:18:00 - 2014-02-13 21:19:00
Tag                                                  Avg(ms)         Min         Max     Std Dev       Count

Performance Statistics   2014-02-13 21:19:00 - 2014-02-13 21:20:00
Tag                                                  Avg(ms)         Min         Max     Std Dev       Count

Performance Statistics   2014-02-13 21:20:00 - 2014-02-13 21:21:00
Tag                                                  Avg(ms)         Min         Max     Std Dev       Count

Performance Statistics   2014-02-13 21:21:00 - 2014-02-13 21:22:00
Tag                                                  Avg(ms)         Min         Max     Std Dev       Count

Performance Statistics   2014-02-13 21:22:00 - 2014-02-13 21:23:00
Tag                                                  Avg(ms)         Min         Max     Std Dev       Count

Performance Statistics   2014-02-13 21:23:00 - 2014-02-13 21:24:00
Tag                                                  Avg(ms)         Min         Max     Std Dev       Count

Performance Statistics   2014-02-13 21:24:00 - 2014-02-13 21:25:00
Tag                                                  Avg(ms)         Min         Max     Std Dev       Count

Performance Statistics   2014-02-13 21:25:00 - 2014-02-13 21:26:00
Tag                                                  Avg(ms)         Min         Max     Std Dev       Count

Performance Statistics   2014-02-13 21:26:00 - 2014-02-13 21:27:00
Tag                                                  Avg(ms)         Min         Max     Std Dev       Count

Performance Statistics   2014-02-13 21:27:00 - 2014-02-13 21:28:00
Tag                                                  Avg(ms)         Min         Max     Std Dev       Count

Performance Statistics   2014-02-13 21:28:00 - 2014-02-13 21:29:00
Tag                                                  Avg(ms)         Min         Max     Std Dev       Count

Performance Statistics   2014-02-13 21:29:00 - 2014-02-13 21:30:00
Tag                                                  Avg(ms)         Min         Max     Std Dev       Count

Performance Statistics   2014-02-13 21:30:00 - 2014-02-13 21:31:00
Tag                                                  Avg(ms)         Min         Max     Std Dev       Count

Performance Statistics   2014-02-13 21:31:00 - 2014-02-13 21:32:00
Tag                                                  Avg(ms)         Min         Max     Std Dev       Count

Performance Statistics   2014-02-13 21:32:00 - 2014-02-13 21:33:00
Tag                                                  Avg(ms)         Min         Max     Std Dev       Count

Performance Statistics   2014-02-13 21:33:00 - 2014-02-13 21:34:00
Tag                                                  Avg(ms)         Min         Max     Std Dev       Count

Performance Statistics   2014-02-13 21:34:00 - 2014-02-13 21:35:00
Tag                                                  Avg(ms)         Min         Max     Std Dev       Count

Performance Statistics   2014-02-13 21:35:00 - 2014-02-13 21:36:00
Tag                                                  Avg(ms)         Min         Max     Std Dev       Count

Performance Statistics   2014-02-13 21:36:00 - 2014-02-13 21:37:00
Tag                                                  Avg(ms)         Min         Max     Std Dev       Count

Performance Statistics   2014-02-13 21:37:00 - 2014-02-13 21:38:00
Tag                                                  Avg(ms)         Min         Max     Std Dev       Count

Performance Statistics   2014-02-13 21:38:00 - 2014-02-13 21:39:00
Tag                                                  Avg(ms)         Min         Max     Std Dev       Count

Performance Statistics   2014-02-13 21:39:00 - 2014-02-13 21:40:00
Tag                                                  Avg(ms)         Min         Max     Std Dev       Count

Performance Statistics   2014-02-13 21:40:00 - 2014-02-13 21:41:00
Tag                                                  Avg(ms)         Min         Max     Std Dev       Count

Performance Statistics   2014-02-13 21:41:00 - 2014-02-13 21:42:00
Tag                                                  Avg(ms)         Min         Max     Std Dev       Count

Performance Statistics   2014-02-13 21:42:00 - 2014-02-13 21:43:00
Tag                                                  Avg(ms)         Min         Max     Std Dev       Count

Performance Statistics   2014-02-13 21:43:00 - 2014-02-13 21:44:00
Tag                                                  Avg(ms)         Min         Max     Std Dev       Count

Performance Statistics   2014-02-13 21:44:00 - 2014-02-13 21:45:00
Tag                                                  Avg(ms)         Min         Max     Std Dev       Count

Performance Statistics   2014-02-13 21:45:00 - 2014-02-13 21:46:00
Tag                                                  Avg(ms)         Min         Max     Std Dev       Count

Performance Statistics   2014-02-13 21:46:00 - 2014-02-13 21:47:00
Tag                                                  Avg(ms)         Min         Max     Std Dev       Count

Performance Statistics   2014-02-13 21:47:00 - 2014-02-13 21:48:00
Tag                                                  Avg(ms)         Min         Max     Std Dev       Count

Performance Statistics   2018-07-18 00:11:00 - 2018-07-18 00:12:00
Tag                                                  Avg(ms)         Min         Max     Std Dev       Count

Performance Statistics   2018-07-18 00:12:00 - 2018-07-18 00:13:00
Tag                                                  Avg(ms)         Min         Max     Std Dev       Count

Performance Statistics   2018-07-18 00:13:00 - 2018-07-18 00:14:00
Tag                                                  Avg(ms)         Min         Max     Std Dev       Count

Performance Statistics   2018-07-18 00:14:00 - 2018-07-18 00:15:00
Tag                                                  Avg(ms)         Min         Max     Std Dev       Count

Performance Statistics   2018-07-18 00:15:00 - 2018-07-18 00:16:00
Tag                                                  Avg(ms)         Min         Max     Std Dev       Count

Performance Statistics   2018-07-18 00:16:00 - 2018-07-18 00:17:00
Tag                                                  Avg(ms)         Min         Max     Std Dev       Count

Performance Statistics   2018-07-18 00:17:00 - 2018-07-18 00:18:00
Tag                                                  Avg(ms)         Min         Max     Std Dev       Count

Performance Statistics   2018-07-18 00:18:00 - 2018-07-18 00:19:00
Tag                                                  Avg(ms)         Min         Max     Std Dev       Count

Performance Statistics   2018-07-18 00:19:00 - 2018-07-18 00:20:00
Tag                                                  Avg(ms)         Min         Max     Std Dev       Count

Performance Statistics   2018-07-18 00:20:00 - 2018-07-18 00:21:00
Tag                                                  Avg(ms)         Min         Max     Std Dev       Count

Performance Statistics   2018-07-18 00:21:00 - 2018-07-18 00:22:00
Tag                                                  Avg(ms)         Min         Max     Std Dev       Count

Performance Statistics   2018-07-18 00:22:00 - 2018-07-18 00:23:00
Tag                                                  Avg(ms)         Min         Max     Std Dev       Count

Performance Statistics   2018-07-18 00:23:00 - 2018-07-18 00:24:00
Tag                                                  Avg(ms)         Min         Max     Std Dev       Count

Performance Statistics   2018-07-18 00:24:00 - 2018-07-18 00:25:00
Tag                                                  Avg(ms)         Min         Max     Std Dev       Count

Performance Statistics   2018-07-18 00:25:00 - 2018-07-18 00:26:00
Tag                                                  Avg(ms)         Min         Max     Std Dev       Count

Performance Statistics   2018-07-18 00:26:00 - 2018-07-18 00:27:00
Tag                                                  Avg(ms)         Min         Max     Std Dev       Count

Performance Statistics   2018-07-18 00:27:00 - 2018-07-18 00:28:00
Tag                                                  Avg(ms)         Min         Max     Std Dev       Count

Performance Statistics   2018-07-18 00:28:00 - 2018-07-18 00:29:00
Tag                                                  Avg(ms)         Min         Max     Std Dev       Count

Performance Statistics   2018-07-18 00:29:00 - 2018-07-18 00:30:00
Tag                                                  Avg(ms)         Min         Max     Std Dev       Count

Performance Statistics   2018-07-18 00:30:00 - 2018-07-18 00:31:00
Tag                                                  Avg(ms)         Min         Max     Std Dev       Count

Performance Statistics   2018-07-18 00:31:00 - 2018-07-18 00:32:00
Tag                                                  Avg(ms)         Min         Max     Std Dev       Count

Performance Statistics   2018-07-18 00:32:00 - 2018-07-18 00:33:00
Tag                                                  Avg(ms)         Min         Max     Std Dev       Count

Performance Statistics   2018-07-18 00:33:00 - 2018-07-18 00:34:00
Tag                                                  Avg(ms)         Min         Max     Std Dev       Count

Performance Statistics   2018-07-18 00:34:00 - 2018-07-18 00:35:00
Tag                                                  Avg(ms)         Min         Max     Std Dev       Count

Performance Statistics   2018-07-18 00:35:00 - 2018-07-18 00:36:00
Tag                                                  Avg(ms)         Min         Max     Std Dev       Count

Performance Statistics   2018-07-18 00:36:00 - 2018-07-18 00:37:00
Tag                                                  Avg(ms)         Min         Max     Std Dev       Count

Performance Statistics   2018-07-18 00:37:00 - 2018-07-18 00:38:00
Tag                                                  Avg(ms)         Min         Max     Std Dev       Count

Performance Statistics   2018-07-18 00:38:00 - 2018-07-18 00:39:00
Tag                                                  Avg(ms)         Min         Max     Std Dev       Count

Performance Statistics   2018-07-18 00:39:00 - 2018-07-18 00:40:00
Tag                                                  Avg(ms)         Min         Max     Std Dev       Count

Performance Statistics   2018-07-18 00:40:00 - 2018-07-18 00:41:00
Tag                                                  Avg(ms)         Min         Max     Std Dev       Count

Performance Statistics   2018-07-18 00:41:00 - 2018-07-18 00:42:00
Tag                                                  Avg(ms)         Min         Max     Std Dev       Count

Performance Statistics   2018-07-18 00:42:00 - 2018-07-18 00:43:00
Tag                                                  Avg(ms)         Min         Max     Std Dev       Count

Performance Statistics   2018-07-18 00:43:00 - 2018-07-18 00:44:00
Tag                                                  Avg(ms)         Min         Max     Std Dev       Count

Performance Statistics   2018-07-18 00:44:00 - 2018-07-18 00:45:00
Tag                                                  Avg(ms)         Min         Max     Std Dev       Count

Performance Statistics   2018-07-18 00:45:00 - 2018-07-18 00:46:00
Tag                                                  Avg(ms)         Min         Max     Std Dev       Count

Performance Statistics   2018-07-18 00:46:00 - 2018-07-18 00:47:00
Tag                                                  Avg(ms)         Min         Max     Std Dev       Count

Performance Statistics   2018-07-18 00:47:00 - 2018-07-18 00:48:00
Tag                                                  Avg(ms)         Min         Max     Std Dev       Count

Performance Statistics   2018-07-18 00:48:00 - 2018-07-18 00:49:00
Tag                                                  Avg(ms)         Min         Max     Std Dev       Count

Performance Statistics   2018-07-18 00:49:00 - 2018-07-18 00:50:00
Tag                                                  Avg(ms)         Min         Max     Std Dev       Count

Performance Statistics   2018-07-18 00:50:00 - 2018-07-18 00:51:00
Tag                                                  Avg(ms)         Min         Max     Std Dev       Count

Performance Statistics   2018-07-18 00:51:00 - 2018-07-18 00:52:00
Tag                                                  Avg(ms)         Min         Max     Std Dev       Count

Performance Statistics   2018-07-18 00:52:00 - 2018-07-18 00:53:00
Tag                                                  Avg(ms)         Min         Max     Std Dev       Count

Performance Statistics   2018-07-18 00:53:00 - 2018-07-18 00:54:00
Tag                                                  Avg(ms)         Min         Max     Std Dev       Count

Performance Statistics   2018-07-18 00:54:00 - 2018-07-18 00:55:00
Tag                                                  Avg(ms)         Min         Max     Std Dev       Count

Performance Statistics   2018-07-18 00:55:00 - 2018-07-18 00:56:00
Tag                                                  Avg(ms)         Min         Max     Std Dev       Count

Performance Statistics   2018-07-18 00:56:00 - 2018-07-18 00:57:00
Tag                                                  Avg(ms)         Min         Max     Std Dev       Count

Performance Statistics   2018-07-18 00:57:00 - 2018-07-18 00:58:00
Tag                                                  Avg(ms)         Min         Max     Std Dev       Count

Performance Statistics   2018-07-18 00:58:00 - 2018-07-18 00:59:00
Tag                                                  Avg(ms)         Min         Max     Std Dev       Count

Performance Statistics   2018-07-18 00:59:00 - 2018-07-18 01:00:00
Tag                                                  Avg(ms)         Min         Max     Std Dev       Count

Performance Statistics   2018-07-18 01:00:00 - 2018-07-18 01:01:00
Tag                                                  Avg(ms)         Min         Max     Std Dev       Count

Performance Statistics   2018-07-18 01:01:00 - 2018-07-18 01:02:00
Tag                                                  Avg(ms)         Min         Max     Std Dev       Count

Performance Statistics   2018-07-18 01:02:00 - 2018-07-18 01:03:00
Tag                                                  Avg(ms)         Min         Max     Std Dev       Count

Performance Statistics   2018-07-18 01:03:00 - 2018-07-18 01:04:00
Tag                                                  Avg(ms)         Min         Max     Std Dev       Count

Performance Statistics   2018-07-18 01:04:00 - 2018-07-18 01:05:00
Tag                                                  Avg(ms)         Min         Max     Std Dev       Count

Performance Statistics   2018-07-18 01:05:00 - 2018-07-18 01:06:00
Tag                                                  Avg(ms)         Min         Max     Std Dev       Count

Performance Statistics   2018-07-18 01:06:00 - 2018-07-18 01:07:00
Tag                                                  Avg(ms)         Min         Max     Std Dev       Count

Performance Statistics   2018-07-18 01:07:00 - 2018-07-18 01:08:00
Tag                                                  Avg(ms)         Min         Max     Std Dev       Count

Performance Statistics   2018-07-18 01:08:00 - 2018-07-18 01:09:00
Tag                                                  Avg(ms)         Min         Max     Std Dev       Count

Performance Statistics   2018-07-18 01:09:00 - 2018-07-18 01:10:00
Tag                                                  Avg(ms)         Min         Max     Std Dev       Count

Performance Statistics   2018-07-18 01:10:00 - 2018-07-18 01:11:00
Tag                                                  Avg(ms)         Min         Max     Std Dev       Count

Performance Statistics   2018-07-18 01:11:00 - 2018-07-18 01:12:00
Tag                                                  Avg(ms)         Min         Max     Std Dev       Count

Performance Statistics   2018-07-18 01:12:00 - 2018-07-18 01:13:00
Tag                                                  Avg(ms)         Min         Max     Std Dev       Count

Performance Statistics   2018-07-18 01:13:00 - 2018-07-18 01:14:00
Tag                                                  Avg(ms)         Min         Max     Std Dev       Count

Performance Statistics   2018-07-18 01:14:00 - 2018-07-18 01:15:00
Tag                                                  Avg(ms)         Min         Max     Std Dev       Count

Performance Statistics   2018-07-18 01:15:00 - 2018-07-18 01:16:00
Tag                                                  Avg(ms)         Min         Max     Std Dev       Count

Performance Statistics   2018-07-18 01:16:00 - 2018-07-18 01:17:00
Tag                                                  Avg(ms)         Min         Max     Std Dev       Count

Performance Statistics   2018-07-18 01:17:00 - 2018-07-18 01:18:00
Tag                                                  Avg(ms)         Min         Max     Std Dev       Count

Performance Statistics   2018-07-18 01:18:00 - 2018-07-18 01:19:00
Tag                                                  Avg(ms)         Min         Max     Std Dev       Count

Performance Statistics   2018-07-18 01:19:00 - 2018-07-18 01:20:00
Tag                                                  Avg(ms)         Min         Max     Std Dev       Count

Performance Statistics   2018-07-18 01:20:00 - 2018-07-18 01:21:00
Tag                                                  Avg(ms)         Min         Max     Std Dev       Count

Performance Statistics   2018-07-18 01:21:00 - 2018-07-18 01:22:00
Tag                                                  Avg(ms)         Min         Max     Std Dev       Count

Performance Statistics   2018-07-18 01:22:00 - 2018-07-18 01:23:00
Tag                                                  Avg(ms)         Min         Max     Std Dev       Count

Performance Statistics   2018-07-18 01:23:00 - 2018-07-18 01:24:00
Tag                                                  Avg(ms)         Min         Max     Std Dev       Count

Performance Statistics   2018-07-18 01:24:00 - 2018-07-18 01:25:00
Tag                                                  Avg(ms)         Min         Max     Std Dev       Count

Performance Statistics   2018-07-18 01:25:00 - 2018-07-18 01:26:00
Tag                                                  Avg(ms)         Min         Max     Std Dev       Count

Performance Statistics   2018-07-18 01:26:00 - 2018-07-18 01:27:00
Tag                                                  Avg(ms)         Min         Max     Std Dev       Count

Performance Statistics   2018-07-18 01:27:00 - 2018-07-18 01:28:00
Tag                                                  Avg(ms)         Min         Max     Std Dev       Count

Performance Statistics   2018-07-18 01:28:00 - 2018-07-18 01:29:00
Tag                                                  Avg(ms)         Min         Max     Std Dev       Count

Performance Statistics   2018-07-18 01:29:00 - 2018-07-18 01:30:00
Tag                                                  Avg(ms)         Min         Max     Std Dev       Count

Performance Statistics   2018-07-18 01:30:00 - 2018-07-18 01:31:00
Tag                                                  Avg(ms)         Min         Max     Std Dev       Count

Performance Statistics   2018-07-18 01:31:00 - 2018-07-18 01:32:00
Tag                                                  Avg(ms)         Min         Max     Std Dev       Count

Performance Statistics   2018-07-18 01:32:00 - 2018-07-18 01:33:00
Tag                                                  Avg(ms)         Min         Max     Std Dev       Count

Performance Statistics   2018-07-18 01:33:00 - 2018-07-18 01:34:00
Tag                                                  Avg(ms)         Min         Max     Std Dev       Count

Performance Statistics   2018-07-18 01:34:00 - 2018-07-18 01:35:00
Tag                                                  Avg(ms)         Min         Max     Std Dev       Count

Performance Statistics   2018-07-18 01:35:00 - 2018-07-18 01:36:00
Tag                                                  Avg(ms)         Min         Max     Std Dev       Count

Performance Statistics   2018-07-18 01:36:00 - 2018-07-18 01:37:00
Tag                                                  Avg(ms)         Min         Max     Std Dev       Count

Performance Statistics   2018-07-18 01:37:00 - 2018-07-18 01:38:00
Tag                                                  Avg(ms)         Min         Max     Std Dev       Count

Performance Statistics   2018-07-18 01:38:00 - 2018-07-18 01:39:00
Tag                                                  Avg(ms)         Min         Max     Std Dev       Count

Performance Statistics   2018-07-18 01:39:00 - 2018-07-18 01:40:00
Tag                                                  Avg(ms)         Min         Max     Std Dev       Count

Performance Statistics   2018-07-18 01:40:00 - 2018-07-18 01:41:00
Tag                                                  Avg(ms)         Min         Max     Std Dev       Count

Performance Statistics   2018-07-18 01:41:00 - 2018-07-18 01:42:00
Tag                                                  Avg(ms)         Min         Max     Std Dev       Count

Performance Statistics   2018-07-18 01:42:00 - 2018-07-18 01:43:00
Tag                                                  Avg(ms)         Min         Max     Std Dev       Count

Performance Statistics   2018-07-18 01:43:00 - 2018-07-18 01:44:00
Tag                                                  Avg(ms)         Min         Max     Std Dev       Count

Performance Statistics   2018-07-18 01:44:00 - 2018-07-18 01:45:00
Tag                                                  Avg(ms)         Min         Max     Std Dev       Count

Performance Statistics   2018-07-18 01:45:00 - 2018-07-18 01:46:00
Tag                                                  Avg(ms)         Min         Max     Std Dev       Count

Performance Statistics   2018-07-18 01:46:00 - 2018-07-18 01:47:00
Tag                                                  Avg(ms)         Min         Max     Std Dev       Count

Performance Statistics   2018-07-18 01:47:00 - 2018-07-18 01:48:00
Tag                                                  Avg(ms)         Min         Max     Std Dev       Count

Performance Statistics   2018-07-18 01:48:00 - 2018-07-18 01:49:00
Tag                                                  Avg(ms)         Min         Max     Std Dev       Count

Performance Statistics   2018-07-18 01:49:00 - 2018-07-18 01:50:00
Tag                                                  Avg(ms)         Min         Max     Std Dev       Count

Performance Statistics   2018-07-18 01:50:00 - 2018-07-18 01:51:00
Tag                                                  Avg(ms)         Min         Max     Std Dev       Count

Performance Statistics   2018-07-18 01:51:00 - 2018-07-18 01:52:00
Tag                                                  Avg(ms)         Min         Max     Std Dev       Count

Performance Statistics   2018-07-18 01:52:00 - 2018-07-18 01:53:00
Tag                                                  Avg(ms)         Min         Max     Std Dev       Count

Performance Statistics   2018-07-18 01:53:00 - 2018-07-18 01:54:00
Tag                                                  Avg(ms)         Min         Max     Std Dev       Count

Performance Statistics   2018-07-18 01:54:00 - 2018-07-18 01:55:00
Tag                                                  Avg(ms)         Min         Max     Std Dev       Count

Performance Statistics   2018-07-18 01:55:00 - 2018-07-18 01:56:00
Tag                                                  Avg(ms)         Min         Max     Std Dev       Count

Performance Statistics   2018-07-18 01:56:00 - 2018-07-18 01:57:00
Tag                                                  Avg(ms)         Min         Max     Std Dev       Count

Performance Statistics   2018-07-18 01:57:00 - 2018-07-18 01:58:00
Tag                                                  Avg(ms)         Min         Max     Std Dev       Count

Performance Statistics   2018-07-18 01:58:00 - 2018-07-18 01:59:00
Tag                                                  Avg(ms)         Min         Max     Std Dev       Count

Performance Statistics   2018-07-18 01:59:00 - 2018-07-18 02:00:00
Tag                                                  Avg(ms)         Min         Max     Std Dev       Count

Performance Statistics   2018-07-18 02:00:00 - 2018-07-18 02:01:00
Tag                                                  Avg(ms)         Min         Max     Std Dev       Count

Performance Statistics   2018-07-18 02:01:00 - 2018-07-18 02:02:00
Tag                                                  Avg(ms)         Min         Max     Std Dev       Count

Performance Statistics   2018-07-18 02:02:00 - 2018-07-18 02:03:00
Tag                                                  Avg(ms)         Min         Max     Std Dev       Count

Performance Statistics   2018-07-18 02:03:00 - 2018-07-18 02:04:00
Tag                                                  Avg(ms)         Min         Max     Std Dev       Count

Performance Statistics   2018-07-18 02:04:00 - 2018-07-18 02:05:00
Tag                                                  Avg(ms)         Min         Max     Std Dev       Count

Performance Statistics   2018-07-18 02:05:00 - 2018-07-18 02:06:00
Tag                                                  Avg(ms)         Min         Max     Std Dev       Count

Performance Statistics   2018-07-18 02:06:00 - 2018-07-18 02:07:00
Tag                                                  Avg(ms)         Min         Max     Std Dev       Count

Performance Statistics   2018-07-18 02:07:00 - 2018-07-18 02:08:00
Tag                                                  Avg(ms)         Min         Max     Std Dev       Count

Performance Statistics   2018-07-18 02:08:00 - 2018-07-18 02:09:00
Tag                                                  Avg(ms)         Min         Max     Std Dev       Count

Performance Statistics   2018-07-18 02:09:00 - 2018-07-18 02:10:00
Tag                                                  Avg(ms)         Min         Max     Std Dev       Count

Performance Statistics   2018-07-18 02:10:00 - 2018-07-18 02:11:00
Tag                                                  Avg(ms)         Min         Max     Std Dev       Count

Performance Statistics   2018-07-18 02:11:00 - 2018-07-18 02:12:00
Tag                                                  Avg(ms)         Min         Max     Std Dev       Count

Performance Statistics   2018-07-18 02:12:00 - 2018-07-18 02:13:00
Tag                                                  Avg(ms)         Min         Max     Std Dev       Count

Performance Statistics   2018-07-18 02:13:00 - 2018-07-18 02:14:00
Tag                                                  Avg(ms)         Min         Max     Std Dev       Count

Performance Statistics   2018-07-18 02:14:00 - 2018-07-18 02:15:00
Tag                                                  Avg(ms)         Min         Max     Std Dev       Count

Performance Statistics   2018-07-18 02:15:00 - 2018-07-18 02:16:00
Tag                                                  Avg(ms)         Min         Max     Std Dev       Count

Performance Statistics   2018-07-18 02:16:00 - 2018-07-18 02:17:00
Tag                                                  Avg(ms)         Min         Max     Std Dev       Count

Performance Statistics   2018-07-18 02:17:00 - 2018-07-18 02:18:00
Tag                                                  Avg(ms)         Min         Max     Std Dev       Count

Performance Statistics   2018-07-18 02:18:00 - 2018-07-18 02:19:00
Tag                                                  Avg(ms)         Min         Max     Std Dev       Count

Performance Statistics   2018-07-18 02:19:00 - 2018-07-18 02:20:00
Tag                                                  Avg(ms)         Min         Max     Std Dev       Count

Performance Statistics   2018-07-18 02:20:00 - 2018-07-18 02:21:00
Tag                                                  Avg(ms)         Min         Max     Std Dev       Count

Performance Statistics   2018-07-18 02:21:00 - 2018-07-18 02:22:00
Tag                                                  Avg(ms)         Min         Max     Std Dev       Count

Performance Statistics   2018-07-18 02:22:00 - 2018-07-18 02:23:00
Tag                                                  Avg(ms)         Min         Max     Std Dev       Count

Performance Statistics   2018-07-18 02:23:00 - 2018-07-18 02:24:00
Tag                                                  Avg(ms)         Min         Max     Std Dev       Count

Performance Statistics   2018-07-18 02:24:00 - 2018-07-18 02:25:00
Tag                                                  Avg(ms)         Min         Max     Std Dev       Count

Performance Statistics   2018-07-18 02:25:00 - 2018-07-18 02:26:00
Tag                                                  Avg(ms)         Min         Max     Std Dev       Count

Performance Statistics   2018-07-18 02:26:00 - 2018-07-18 02:27:00
Tag                                                  Avg(ms)         Min         Max     Std Dev       Count

Performance Statistics   2018-07-18 02:27:00 - 2018-07-18 02:28:00
Tag                                                  Avg(ms)         Min         Max     Std Dev       Count

Performance Statistics   2018-07-18 02:28:00 - 2018-07-18 02:29:00
Tag                                                  Avg(ms)         Min         Max     Std Dev       Count

Performance Statistics   2018-07-18 02:29:00 - 2018-07-18 02:30:00
Tag                                                  Avg(ms)         Min         Max     Std Dev       Count

Performance Statistics   2018-07-18 02:30:00 - 2018-07-18 02:31:00
Tag                                                  Avg(ms)         Min         Max     Std Dev       Count

Performance Statistics   2018-07-18 02:31:00 - 2018-07-18 02:32:00
Tag                                                  Avg(ms)         Min         Max     Std Dev       Count

Performance Statistics   2018-07-18 02:32:00 - 2018-07-18 02:33:00
Tag                                                  Avg(ms)         Min         Max     Std Dev       Count

Performance Statistics   2018-07-18 02:33:00 - 2018-07-18 02:34:00
Tag                                                  Avg(ms)         Min         Max     Std Dev       Count

Performance Statistics   2018-07-18 02:34:00 - 2018-07-18 02:35:00
Tag                                                  Avg(ms)         Min         Max     Std Dev       Count

Performance Statistics   2018-07-18 02:35:00 - 2018-07-18 02:36:00
Tag                                                  Avg(ms)         Min         Max     Std Dev       Count

Performance Statistics   2018-07-18 02:36:00 - 2018-07-18 02:37:00
Tag                                                  Avg(ms)         Min         Max     Std Dev       Count

Performance Statistics   2018-07-18 02:37:00 - 2018-07-18 02:38:00
Tag                                                  Avg(ms)         Min         Max     Std Dev       Count

Performance Statistics   2018-07-18 02:38:00 - 2018-07-18 02:39:00
Tag                                                  Avg(ms)         Min         Max     Std Dev       Count

Performance Statistics   2018-07-18 02:39:00 - 2018-07-18 02:40:00
Tag                                                  Avg(ms)         Min         Max     Std Dev       Count

Performance Statistics   2018-07-18 02:40:00 - 2018-07-18 02:41:00
Tag                                                  Avg(ms)         Min         Max     Std Dev       Count

Performance Statistics   2018-07-18 02:41:00 - 2018-07-18 02:42:00
Tag                                                  Avg(ms)         Min         Max     Std Dev       Count

Performance Statistics   2018-07-18 02:42:00 - 2018-07-18 02:43:00
Tag                                                  Avg(ms)         Min         Max     Std Dev       Count

Performance Statistics   2018-07-18 02:43:00 - 2018-07-18 02:44:00
Tag                                                  Avg(ms)         Min         Max     Std Dev       Count

Performance Statistics   2018-07-18 22:09:00 - 2018-07-18 22:10:00
Tag                                                  Avg(ms)         Min         Max     Std Dev       Count

Performance Statistics   2018-07-18 22:10:00 - 2018-07-18 22:11:00
Tag                                                  Avg(ms)         Min         Max     Std Dev       Count

Performance Statistics   2018-07-18 22:11:00 - 2018-07-18 22:12:00
Tag                                                  Avg(ms)         Min         Max     Std Dev       Count
AUTHENTICATE                                            19.0          19          19         0.0           1
CREATE_TICKET_GRANTING_TICKET                           34.0          34          34         0.0           1

Performance Statistics   2018-07-18 22:12:00 - 2018-07-18 22:13:00
Tag                                                  Avg(ms)         Min         Max     Std Dev       Count

Performance Statistics   2018-07-18 22:13:00 - 2018-07-18 22:14:00
Tag                                                  Avg(ms)         Min         Max     Std Dev       Count

Performance Statistics   2018-07-18 22:14:00 - 2018-07-18 22:15:00
Tag                                                  Avg(ms)         Min         Max     Std Dev       Count

Performance Statistics   2018-07-18 22:15:00 - 2018-07-18 22:16:00
Tag                                                  Avg(ms)         Min         Max     Std Dev       Count

Performance Statistics   2018-07-18 22:16:00 - 2018-07-18 22:17:00
Tag                                                  Avg(ms)         Min         Max     Std Dev       Count

Performance Statistics   2018-07-18 22:17:00 - 2018-07-18 22:18:00
Tag                                                  Avg(ms)         Min         Max     Std Dev       Count

Performance Statistics   2018-07-18 22:18:00 - 2018-07-18 22:19:00
Tag                                                  Avg(ms)         Min         Max     Std Dev       Count

Performance Statistics   2018-07-18 22:19:00 - 2018-07-18 22:20:00
Tag                                                  Avg(ms)         Min         Max     Std Dev       Count

Performance Statistics   2018-07-18 22:20:00 - 2018-07-18 22:21:00
Tag                                                  Avg(ms)         Min         Max     Std Dev       Count

Performance Statistics   2018-07-18 22:21:00 - 2018-07-18 22:22:00
Tag                                                  Avg(ms)         Min         Max     Std Dev       Count

Performance Statistics   2018-07-18 22:22:00 - 2018-07-18 22:23:00
Tag                                                  Avg(ms)         Min         Max     Std Dev       Count

Performance Statistics   2018-07-18 22:23:00 - 2018-07-18 22:24:00
Tag                                                  Avg(ms)         Min         Max     Std Dev       Count

Performance Statistics   2018-07-18 22:24:00 - 2018-07-18 22:25:00
Tag                                                  Avg(ms)         Min         Max     Std Dev       Count

Performance Statistics   2018-07-18 22:25:00 - 2018-07-18 22:26:00
Tag                                                  Avg(ms)         Min         Max     Std Dev       Count

Performance Statistics   2018-07-18 22:26:00 - 2018-07-18 22:27:00
Tag                                                  Avg(ms)         Min         Max     Std Dev       Count

Performance Statistics   2018-07-18 22:27:00 - 2018-07-18 22:28:00
Tag                                                  Avg(ms)         Min         Max     Std Dev       Count

